2021-02-02 11:29:49,953 - [test_02login.py-->line:49] - INFO: 用例登录成功，执行通过
2021-02-02 11:29:50,044 - [test_02login.py-->line:49] - INFO: 用例手机号为空，执行通过
2021-02-02 11:29:50,132 - [test_02login.py-->line:49] - INFO: 用例密码为空，执行通过
2021-02-02 11:29:50,221 - [test_02login.py-->line:49] - INFO: 用例手机号未注册，执行通过
2021-02-02 11:29:50,309 - [test_02login.py-->line:49] - INFO: 用例密码错误，执行通过
2021-02-02 11:29:50,398 - [test_02login.py-->line:49] - INFO: 用例手机号格式错误，执行通过
2021-02-03 09:39:18,436 - [test_02login.py-->line:57] - INFO: 用例登录成功，执行通过
2021-02-03 09:39:18,527 - [test_02login.py-->line:57] - INFO: 用例手机号为空，执行通过
2021-02-03 09:39:18,620 - [test_02login.py-->line:57] - INFO: 用例密码为空，执行通过
2021-02-03 09:39:18,715 - [test_02login.py-->line:57] - INFO: 用例手机号未注册，执行通过
2021-02-03 09:39:18,807 - [test_02login.py-->line:57] - INFO: 用例密码错误，执行通过
2021-02-03 09:39:18,899 - [test_02login.py-->line:57] - INFO: 用例手机号格式错误，执行通过
2021-02-03 09:51:12,556 - [test_02login.py-->line:57] - INFO: 用例登录成功，执行通过
2021-02-03 09:51:12,653 - [test_02login.py-->line:57] - INFO: 用例手机号为空，执行通过
2021-02-03 09:51:12,748 - [test_02login.py-->line:57] - INFO: 用例密码为空，执行通过
2021-02-03 09:51:12,847 - [test_02login.py-->line:57] - INFO: 用例手机号未注册，执行通过
2021-02-03 09:51:12,947 - [test_02login.py-->line:57] - INFO: 用例密码错误，执行通过
2021-02-03 09:51:13,036 - [test_02login.py-->line:57] - INFO: 用例手机号格式错误，执行通过
2021-02-03 09:56:06,566 - [test_02login.py-->line:57] - INFO: 用例登录成功，执行通过
2021-02-03 09:56:06,657 - [test_02login.py-->line:57] - INFO: 用例手机号为空，执行通过
2021-02-03 09:56:06,747 - [test_02login.py-->line:57] - INFO: 用例密码为空，执行通过
2021-02-03 09:56:06,844 - [test_02login.py-->line:57] - INFO: 用例手机号未注册，执行通过
2021-02-03 09:56:06,940 - [test_02login.py-->line:57] - INFO: 用例密码错误，执行通过
2021-02-03 09:56:07,031 - [test_02login.py-->line:57] - INFO: 用例手机号格式错误，执行通过
2021-02-03 09:58:23,635 - [test_02login.py-->line:57] - INFO: 用例登录成功，执行通过
2021-02-03 09:58:23,732 - [test_02login.py-->line:57] - INFO: 用例手机号为空，执行通过
2021-02-03 09:58:24,824 - [test_02login.py-->line:57] - INFO: 用例密码为空，执行通过
2021-02-03 09:58:24,924 - [test_02login.py-->line:57] - INFO: 用例手机号未注册，执行通过
2021-02-03 09:58:25,022 - [test_02login.py-->line:57] - INFO: 用例密码错误，执行通过
2021-02-03 09:58:25,116 - [test_02login.py-->line:57] - INFO: 用例手机号格式错误，执行通过
2021-02-03 09:59:20,875 - [test_02login.py-->line:57] - INFO: 用例登录成功，执行通过
2021-02-03 09:59:20,965 - [test_02login.py-->line:57] - INFO: 用例手机号为空，执行通过
2021-02-03 09:59:21,054 - [test_02login.py-->line:57] - INFO: 用例密码为空，执行通过
2021-02-03 09:59:21,148 - [test_02login.py-->line:57] - INFO: 用例手机号未注册，执行通过
2021-02-03 09:59:21,244 - [test_02login.py-->line:57] - INFO: 用例密码错误，执行通过
2021-02-03 09:59:21,334 - [test_02login.py-->line:57] - INFO: 用例手机号格式错误，执行通过
2021-02-03 10:00:59,359 - [test_02login.py-->line:57] - INFO: 用例登录成功，执行通过
2021-02-03 10:00:59,455 - [test_02login.py-->line:57] - INFO: 用例手机号为空，执行通过
2021-02-03 10:00:59,551 - [test_02login.py-->line:57] - INFO: 用例密码为空，执行通过
2021-02-03 10:00:59,652 - [test_02login.py-->line:57] - INFO: 用例手机号未注册，执行通过
2021-02-03 10:00:59,746 - [test_02login.py-->line:57] - INFO: 用例密码错误，执行通过
2021-02-03 10:00:59,838 - [test_02login.py-->line:57] - INFO: 用例手机号格式错误，执行通过
2021-02-03 13:32:28,798 - [test_02login.py-->line:47] - INFO: 用例登录成功，执行通过
2021-02-03 13:32:28,887 - [test_02login.py-->line:47] - INFO: 用例手机号为空，执行通过
2021-02-03 13:32:28,976 - [test_02login.py-->line:47] - INFO: 用例密码为空，执行通过
2021-02-03 13:32:29,071 - [test_02login.py-->line:47] - INFO: 用例手机号未注册，执行通过
2021-02-03 13:32:29,167 - [test_02login.py-->line:47] - INFO: 用例密码错误，执行通过
2021-02-03 13:32:29,262 - [test_02login.py-->line:47] - INFO: 用例手机号格式错误，执行通过
2021-02-03 13:32:46,656 - [test_02login.py-->line:47] - INFO: 用例登录成功，执行通过
2021-02-03 13:32:46,748 - [test_02login.py-->line:47] - INFO: 用例手机号为空，执行通过
2021-02-03 13:32:46,833 - [test_02login.py-->line:47] - INFO: 用例密码为空，执行通过
2021-02-03 13:32:46,922 - [test_02login.py-->line:47] - INFO: 用例手机号未注册，执行通过
2021-02-03 13:32:47,011 - [test_02login.py-->line:47] - INFO: 用例密码错误，执行通过
2021-02-03 13:32:47,098 - [test_02login.py-->line:47] - INFO: 用例手机号格式错误，执行通过
2021-02-03 13:36:03,445 - [test_02login.py-->line:48] - INFO: 用例登录成功，执行通过
2021-02-03 13:36:03,537 - [test_02login.py-->line:48] - INFO: 用例手机号为空，执行通过
2021-02-03 13:36:03,630 - [test_02login.py-->line:48] - INFO: 用例密码为空，执行通过
2021-02-03 13:36:03,727 - [test_02login.py-->line:48] - INFO: 用例手机号未注册，执行通过
2021-02-03 13:36:03,831 - [test_02login.py-->line:48] - INFO: 用例密码错误，执行通过
2021-02-03 13:36:03,927 - [test_02login.py-->line:48] - INFO: 用例手机号格式错误，执行通过
2021-02-03 13:37:52,667 - [test_02login.py-->line:50] - INFO: 用例登录成功，执行通过
2021-02-03 13:37:52,763 - [test_02login.py-->line:50] - INFO: 用例手机号为空，执行通过
2021-02-03 13:37:52,855 - [test_02login.py-->line:50] - INFO: 用例密码为空，执行通过
2021-02-03 13:37:52,952 - [test_02login.py-->line:50] - INFO: 用例手机号未注册，执行通过
2021-02-03 13:37:53,050 - [test_02login.py-->line:50] - INFO: 用例密码错误，执行通过
2021-02-03 13:37:53,143 - [test_02login.py-->line:50] - INFO: 用例手机号格式错误，执行通过
2021-02-03 13:38:55,241 - [test_02login.py-->line:50] - INFO: 用例登录成功，执行通过
2021-02-03 13:38:55,336 - [test_02login.py-->line:50] - INFO: 用例手机号为空，执行通过
2021-02-03 13:38:55,428 - [test_02login.py-->line:50] - INFO: 用例密码为空，执行通过
2021-02-03 13:38:55,518 - [test_02login.py-->line:50] - INFO: 用例手机号未注册，执行通过
2021-02-03 13:38:55,608 - [test_02login.py-->line:50] - INFO: 用例密码错误，执行通过
2021-02-03 13:38:55,698 - [test_02login.py-->line:50] - INFO: 用例手机号格式错误，执行通过
2021-02-03 13:40:39,048 - [test_02login.py-->line:49] - INFO: 用例登录成功，执行通过
2021-02-03 13:40:39,141 - [test_02login.py-->line:49] - INFO: 用例手机号为空，执行通过
2021-02-03 13:40:39,236 - [test_02login.py-->line:49] - INFO: 用例密码为空，执行通过
2021-02-03 13:40:39,336 - [test_02login.py-->line:49] - INFO: 用例手机号未注册，执行通过
2021-02-03 13:40:39,436 - [test_02login.py-->line:49] - INFO: 用例密码错误，执行通过
2021-02-03 13:40:39,529 - [test_02login.py-->line:49] - INFO: 用例手机号格式错误，执行通过
2021-02-03 15:44:37,727 - [test_02login.py-->line:52] - INFO: 用例登录成功，执行通过
2021-02-03 15:44:37,823 - [test_02login.py-->line:52] - INFO: 用例手机号为空，执行通过
2021-02-03 15:44:37,917 - [test_02login.py-->line:52] - INFO: 用例密码为空，执行通过
2021-02-03 15:44:38,016 - [test_02login.py-->line:52] - INFO: 用例手机号未注册，执行通过
2021-02-03 15:44:38,110 - [test_02login.py-->line:52] - INFO: 用例密码错误，执行通过
2021-02-03 15:44:38,202 - [test_02login.py-->line:52] - INFO: 用例手机号格式错误，执行通过
2021-02-03 15:47:14,057 - [test_02login.py-->line:52] - INFO: 用例登录成功，执行通过
2021-02-03 15:47:14,151 - [test_02login.py-->line:52] - INFO: 用例手机号为空，执行通过
2021-02-03 15:47:14,245 - [test_02login.py-->line:52] - INFO: 用例密码为空，执行通过
2021-02-03 15:47:14,348 - [test_02login.py-->line:52] - INFO: 用例手机号未注册，执行通过
2021-02-03 15:47:14,450 - [test_02login.py-->line:52] - INFO: 用例密码错误，执行通过
2021-02-03 15:47:14,547 - [test_02login.py-->line:52] - INFO: 用例手机号格式错误，执行通过
2021-02-03 15:47:49,068 - [test_02login.py-->line:52] - INFO: 用例登录成功，执行通过
2021-02-03 15:47:49,163 - [test_02login.py-->line:52] - INFO: 用例手机号为空，执行通过
2021-02-03 15:47:49,260 - [test_02login.py-->line:52] - INFO: 用例密码为空，执行通过
2021-02-03 15:47:49,359 - [test_02login.py-->line:52] - INFO: 用例手机号未注册，执行通过
2021-02-03 15:47:49,461 - [test_02login.py-->line:52] - INFO: 用例密码错误，执行通过
2021-02-03 15:47:49,557 - [test_02login.py-->line:52] - INFO: 用例手机号格式错误，执行通过
2021-02-03 16:24:24,855 - [test_02login.py-->line:50] - INFO: 用例登录成功，执行通过
2021-02-03 16:24:24,942 - [test_02login.py-->line:50] - INFO: 用例手机号为空，执行通过
2021-02-03 16:24:25,037 - [test_02login.py-->line:50] - INFO: 用例密码为空，执行通过
2021-02-03 16:24:25,137 - [test_02login.py-->line:50] - INFO: 用例手机号未注册，执行通过
2021-02-03 16:24:25,234 - [test_02login.py-->line:50] - INFO: 用例密码错误，执行通过
2021-02-03 16:24:25,323 - [test_02login.py-->line:50] - INFO: 用例手机号格式错误，执行通过
2021-02-03 16:30:56,997 - [test_02login.py-->line:50] - INFO: 用例登录成功，执行通过
2021-02-03 16:30:57,092 - [test_02login.py-->line:50] - INFO: 用例手机号为空，执行通过
2021-02-03 16:30:57,183 - [test_02login.py-->line:50] - INFO: 用例密码为空，执行通过
2021-02-03 16:30:57,283 - [test_02login.py-->line:50] - INFO: 用例手机号未注册，执行通过
2021-02-03 16:30:57,383 - [test_02login.py-->line:50] - INFO: 用例密码错误，执行通过
2021-02-03 16:30:57,478 - [test_02login.py-->line:50] - INFO: 用例手机号格式错误，执行通过
2021-02-03 16:31:49,490 - [test_02login.py-->line:50] - INFO: 用例登录成功，执行通过
2021-02-03 16:31:49,588 - [test_02login.py-->line:50] - INFO: 用例手机号为空，执行通过
2021-02-03 16:31:49,686 - [test_02login.py-->line:50] - INFO: 用例密码为空，执行通过
2021-02-03 16:31:49,785 - [test_02login.py-->line:50] - INFO: 用例手机号未注册，执行通过
2021-02-03 16:31:49,889 - [test_02login.py-->line:50] - INFO: 用例密码错误，执行通过
2021-02-03 16:31:49,982 - [test_02login.py-->line:50] - INFO: 用例手机号格式错误，执行通过
2021-02-03 17:16:26,032 - [test_02login.py-->line:50] - INFO: 用例登录成功，执行通过
2021-02-03 17:16:26,131 - [test_02login.py-->line:50] - INFO: 用例手机号为空，执行通过
2021-02-03 17:16:26,233 - [test_02login.py-->line:50] - INFO: 用例密码为空，执行通过
2021-02-03 17:16:26,333 - [test_02login.py-->line:50] - INFO: 用例手机号未注册，执行通过
2021-02-03 17:16:26,435 - [test_02login.py-->line:50] - INFO: 用例密码错误，执行通过
2021-02-03 17:16:26,526 - [test_02login.py-->line:50] - INFO: 用例手机号格式错误，执行通过
2021-02-03 17:16:58,261 - [test_02login.py-->line:50] - INFO: 用例登录成功，执行通过
2021-02-03 17:16:58,353 - [test_02login.py-->line:50] - INFO: 用例手机号为空，执行通过
2021-02-03 17:16:58,453 - [test_02login.py-->line:50] - INFO: 用例密码为空，执行通过
2021-02-03 17:16:58,560 - [test_02login.py-->line:50] - INFO: 用例手机号未注册，执行通过
2021-02-03 17:16:58,667 - [test_02login.py-->line:50] - INFO: 用例密码错误，执行通过
2021-02-03 17:16:58,768 - [test_02login.py-->line:50] - INFO: 用例手机号格式错误，执行通过
2021-02-03 17:19:32,449 - [test_02login.py-->line:50] - INFO: 用例登录成功，执行通过
2021-02-03 17:19:32,549 - [test_02login.py-->line:50] - INFO: 用例手机号为空，执行通过
2021-02-03 17:19:32,648 - [test_02login.py-->line:50] - INFO: 用例密码为空，执行通过
2021-02-03 17:19:32,753 - [test_02login.py-->line:50] - INFO: 用例手机号未注册，执行通过
2021-02-03 17:19:32,855 - [test_02login.py-->line:50] - INFO: 用例密码错误，执行通过
2021-02-03 17:19:32,957 - [test_02login.py-->line:50] - INFO: 用例手机号格式错误，执行通过
2021-02-03 17:20:50,214 - [test_02login.py-->line:50] - INFO: 用例登录成功，执行通过
2021-02-03 17:20:50,313 - [test_02login.py-->line:50] - INFO: 用例手机号为空，执行通过
2021-02-03 17:20:50,408 - [test_02login.py-->line:50] - INFO: 用例密码为空，执行通过
2021-02-03 17:20:50,512 - [test_02login.py-->line:50] - INFO: 用例手机号未注册，执行通过
2021-02-03 17:20:50,616 - [test_02login.py-->line:50] - INFO: 用例密码错误，执行通过
2021-02-03 17:20:50,704 - [test_02login.py-->line:50] - INFO: 用例手机号格式错误，执行通过
2021-02-03 17:23:55,165 - [test_02login.py-->line:50] - INFO: 用例登录成功，执行通过
2021-02-03 17:23:55,263 - [test_02login.py-->line:50] - INFO: 用例手机号为空，执行通过
2021-02-03 17:23:55,358 - [test_02login.py-->line:50] - INFO: 用例密码为空，执行通过
2021-02-03 17:23:55,455 - [test_02login.py-->line:50] - INFO: 用例手机号未注册，执行通过
2021-02-03 17:23:55,559 - [test_02login.py-->line:50] - INFO: 用例密码错误，执行通过
2021-02-03 17:23:55,654 - [test_02login.py-->line:50] - INFO: 用例手机号格式错误，执行通过
2021-02-03 17:38:13,197 - [test_02login.py-->line:50] - INFO: 用例登录成功，执行通过
2021-02-03 17:38:13,297 - [test_02login.py-->line:50] - INFO: 用例手机号为空，执行通过
2021-02-03 17:38:13,389 - [test_02login.py-->line:50] - INFO: 用例密码为空，执行通过
2021-02-03 17:38:13,487 - [test_02login.py-->line:50] - INFO: 用例手机号未注册，执行通过
2021-02-03 17:38:13,587 - [test_02login.py-->line:50] - INFO: 用例密码错误，执行通过
2021-02-03 17:38:13,679 - [test_02login.py-->line:50] - INFO: 用例手机号格式错误，执行通过
2021-02-03 17:38:51,549 - [test_02login.py-->line:50] - INFO: 用例登录成功，执行通过
2021-02-03 17:38:51,652 - [test_02login.py-->line:50] - INFO: 用例手机号为空，执行通过
2021-02-03 17:38:51,751 - [test_02login.py-->line:50] - INFO: 用例密码为空，执行通过
2021-02-03 17:38:51,847 - [test_02login.py-->line:50] - INFO: 用例手机号未注册，执行通过
2021-02-03 17:38:51,941 - [test_02login.py-->line:50] - INFO: 用例密码错误，执行通过
2021-02-03 17:38:52,033 - [test_02login.py-->line:50] - INFO: 用例手机号格式错误，执行通过
2021-02-03 17:46:24,132 - [test_02login.py-->line:50] - INFO: 用例登录成功，执行通过
2021-02-03 17:46:24,223 - [test_02login.py-->line:50] - INFO: 用例手机号为空，执行通过
2021-02-03 17:46:24,319 - [test_02login.py-->line:50] - INFO: 用例密码为空，执行通过
2021-02-03 17:46:24,412 - [test_02login.py-->line:50] - INFO: 用例手机号未注册，执行通过
2021-02-03 17:46:24,510 - [test_02login.py-->line:50] - INFO: 用例密码错误，执行通过
2021-02-03 17:46:24,602 - [test_02login.py-->line:50] - INFO: 用例手机号格式错误，执行通过
2021-02-03 17:53:09,686 - [test_02login.py-->line:50] - INFO: 用例登录成功，执行通过
2021-02-03 17:53:09,781 - [test_02login.py-->line:50] - INFO: 用例手机号为空，执行通过
2021-02-03 17:53:09,880 - [test_02login.py-->line:50] - INFO: 用例密码为空，执行通过
2021-02-03 17:53:09,983 - [test_02login.py-->line:50] - INFO: 用例手机号未注册，执行通过
2021-02-03 17:53:10,084 - [test_02login.py-->line:50] - INFO: 用例密码错误，执行通过
2021-02-03 17:53:10,182 - [test_02login.py-->line:50] - INFO: 用例手机号格式错误，执行通过
2021-02-03 17:53:22,967 - [test_02login.py-->line:50] - INFO: 用例登录成功，执行通过
2021-02-03 17:53:23,067 - [test_02login.py-->line:50] - INFO: 用例手机号为空，执行通过
2021-02-03 17:53:23,166 - [test_02login.py-->line:50] - INFO: 用例密码为空，执行通过
2021-02-03 17:53:23,259 - [test_02login.py-->line:50] - INFO: 用例手机号未注册，执行通过
2021-02-03 17:53:23,351 - [test_02login.py-->line:50] - INFO: 用例密码错误，执行通过
2021-02-03 17:53:23,440 - [test_02login.py-->line:50] - INFO: 用例手机号格式错误，执行通过
2021-02-03 17:55:49,183 - [test_02login.py-->line:50] - INFO: 用例登录成功，执行通过
2021-02-03 17:55:49,283 - [test_02login.py-->line:50] - INFO: 用例手机号为空，执行通过
2021-02-03 17:55:49,380 - [test_02login.py-->line:50] - INFO: 用例密码为空，执行通过
2021-02-03 17:55:49,483 - [test_02login.py-->line:50] - INFO: 用例手机号未注册，执行通过
2021-02-03 17:55:49,587 - [test_02login.py-->line:50] - INFO: 用例密码错误，执行通过
2021-02-03 17:55:49,680 - [test_02login.py-->line:50] - INFO: 用例手机号格式错误，执行通过
2021-02-03 18:23:27,711 - [test_02login.py-->line:50] - INFO: 用例登录成功，执行通过
2021-02-03 18:23:27,811 - [test_02login.py-->line:50] - INFO: 用例手机号为空，执行通过
2021-02-03 18:23:27,905 - [test_02login.py-->line:50] - INFO: 用例密码为空，执行通过
2021-02-03 18:23:28,006 - [test_02login.py-->line:50] - INFO: 用例手机号未注册，执行通过
2021-02-03 18:23:28,104 - [test_02login.py-->line:50] - INFO: 用例密码错误，执行通过
2021-02-03 18:23:28,192 - [test_02login.py-->line:50] - INFO: 用例手机号格式错误，执行通过
2021-02-04 09:25:49,222 - [test_02login.py-->line:50] - INFO: 用例登录成功，执行通过
2021-02-04 09:25:49,312 - [test_02login.py-->line:50] - INFO: 用例手机号为空，执行通过
2021-02-04 09:25:49,411 - [test_02login.py-->line:50] - INFO: 用例密码为空，执行通过
2021-02-04 09:25:49,505 - [test_02login.py-->line:50] - INFO: 用例手机号未注册，执行通过
2021-02-04 09:25:49,604 - [test_02login.py-->line:50] - INFO: 用例密码错误，执行通过
2021-02-04 09:25:49,694 - [test_02login.py-->line:50] - INFO: 用例手机号格式错误，执行通过
2021-02-04 09:29:29,326 - [test_02login.py-->line:50] - INFO: 用例登录成功，执行通过
2021-02-04 09:29:29,428 - [test_02login.py-->line:50] - INFO: 用例手机号为空，执行通过
2021-02-04 09:29:29,524 - [test_02login.py-->line:50] - INFO: 用例密码为空，执行通过
2021-02-04 09:29:29,626 - [test_02login.py-->line:50] - INFO: 用例手机号未注册，执行通过
2021-02-04 09:29:29,724 - [test_02login.py-->line:50] - INFO: 用例密码错误，执行通过
2021-02-04 09:29:29,814 - [test_02login.py-->line:50] - INFO: 用例手机号格式错误，执行通过
2021-02-04 09:30:33,658 - [test_02login.py-->line:50] - INFO: 用例登录成功，执行通过
2021-02-04 09:30:33,757 - [test_02login.py-->line:50] - INFO: 用例手机号为空，执行通过
2021-02-04 09:30:33,850 - [test_02login.py-->line:50] - INFO: 用例密码为空，执行通过
2021-02-04 09:30:33,946 - [test_02login.py-->line:50] - INFO: 用例手机号未注册，执行通过
2021-02-04 09:30:34,042 - [test_02login.py-->line:50] - INFO: 用例密码错误，执行通过
2021-02-04 09:30:34,140 - [test_02login.py-->line:50] - INFO: 用例手机号格式错误，执行通过
2021-02-04 09:34:17,813 - [test_02login.py-->line:50] - INFO: 用例登录成功，执行通过
2021-02-04 09:34:17,903 - [test_02login.py-->line:50] - INFO: 用例手机号为空，执行通过
2021-02-04 09:34:17,994 - [test_02login.py-->line:50] - INFO: 用例密码为空，执行通过
2021-02-04 09:34:18,117 - [test_02login.py-->line:50] - INFO: 用例手机号未注册，执行通过
2021-02-04 09:34:18,241 - [test_02login.py-->line:50] - INFO: 用例密码错误，执行通过
2021-02-04 09:34:18,330 - [test_02login.py-->line:50] - INFO: 用例手机号格式错误，执行通过
